<?xml version="1.0" encoding="UTF-8"?>
<!-- Generated by org.testng.reporters.JUnitReportReporter -->
<testsuite hostname="rivi-PC" name="com.test.TestA" tests="3" failures="0" timestamp="22 Mar 2017 15:13:47 GMT" time="0.840" errors="0">
  <testcase name="testPageTitleSampleA" time="0.840" classname="com.test.TestA"/>
  <testcase name="testSampleThree" time="0.000" classname="com.test.TestA"/>
  <testcase name="testSampleTwo" time="0.000" classname="com.test.TestA"/>
</testsuite> <!-- com.test.TestA -->
