<?xml version="1.0" encoding="UTF-8"?>
<!-- Generated by org.testng.reporters.JUnitReportReporter -->
<testsuite hostname="rivi-PC" name="com.test.TestB" tests="4" failures="0" timestamp="22 Mar 2017 15:13:47 GMT" time="0.574" errors="0">
  <testcase name="testSampleTwo" time="0.000" classname="com.test.TestB"/>
  <testcase name="testSampleOne" time="0.000" classname="com.test.TestB"/>
  <testcase name="testPageTitleSampleB" time="0.574" classname="com.test.TestB"/>
  <testcase name="testSampleThree" time="0.000" classname="com.test.TestB"/>
</testsuite> <!-- com.test.TestB -->
